Arguments: 
  C:\Program Files\nodejs\node.exe C:\Program Files (x86)\Yarn\bin\yarn.js

PATH: 
  C:\Ruby26-x64\bin;C:\Python27\;C:\Python27\Scripts;C:\Program Files (x86)\Common Files\Oracle\Java\javapath;C:\Program Files (x86)\Intel\Intel(R) Management Engine Components\iCLS\;C:\Program Files\Intel\Intel(R) Management Engine Components\iCLS\;C:\WINDOWS\system32;C:\WINDOWS;C:\WINDOWS\System32\Wbem;C:\WINDOWS\System32\WindowsPowerShell\v1.0\;C:\WINDOWS\System32\OpenSSH\;C:\Program Files\Microsoft VS Code\bin;C:\Program Files (x86)\Intel\Intel(R) Management Engine Components\DAL;C:\Program Files\Intel\Intel(R) Management Engine Components\DAL;C:\Program Files (x86)\Intel\Intel(R) Management Engine Components\IPT;C:\Program Files\Intel\Intel(R) Management Engine Components\IPT;c:\Program Files\Intel\WiFi\bin\;c:\Program Files\Common Files\Intel\WirelessCommon\;C:\xampp\php;C:\Program Files\Git\cmd;C:\Program Files (x86)\Yarn\bin\;C:\Program Files\nodejs\;C:\ProgramData\chocolatey\bin;C:\composer;C:\Users\rajni\AppData\Local\Microsoft\WindowsApps;c:\Program Files\Intel\WiFi\bin\;c:\Program Files\Common Files\Intel\WirelessCommon\;C:\Users\rajni\AppData\Roaming\Composer\vendor\bin;C:\Users\rajni\AppData\Local\Android\Sdk\platform-tools;C:\Program Files\Java\jdk1.8.0_191\bin;C:\Users\rajni\AppData\Local\Android\Sdk\build-tools\28.0.3\zipalign;C:\Users\rajni\AppData\Local\Yarn\bin;C:\Users\rajni\AppData\Roaming\npm;C:\Users\rajni\AppData\Local\Android\Sdk\tools;C:\Program Files\heroku\bin

Yarn version: 
  1.17.3

Node version: 
  12.10.0

Platform: 
  win32 x64

Trace: 
  SyntaxError: C:\Users\rajni\OneDrive\Desktop\innoscripta\pizza-front\package.json: Unexpected token } in JSON at position 414
      at JSON.parse (<anonymous>)
      at C:\Program Files (x86)\Yarn\lib\cli.js:1625:59
      at Generator.next (<anonymous>)
      at step (C:\Program Files (x86)\Yarn\lib\cli.js:304:30)
      at C:\Program Files (x86)\Yarn\lib\cli.js:315:13

npm manifest: 
  {
    "dependencies": {
      "antd": "^3.20.5",
      "axios": "^0.19.0",
      "cors": "^2.8.5",
      "dotenv": "^8.0.0",
      "js-cookie": "^2.2.0",
      "lodash": "^4.17.15",
      "next": "^9.0.2",
      "next-cookies": "^1.1.2",
      "nprogress": "^0.2.0",
      "react": "^16.8.6",
      "react-dom": "^16.8.6",
      "react-redux": "^7.1.0",
      "react-tackle-box": "^2.1.0",
      "redux": "^4.0.4",
      "socket.io": "^2.2.0",
    },
    "scripts": {
      "start": "concurrently 'yarn watch:tsc' 'yarn watch:next'",
      "watch:tsc": "tsc --project api --watch",
      "watch:next": "next"
    },
    "devDependencies": {
      "@types/cors": "^2.8.5",
      "@types/dotenv": "^6.1.1",
      "@types/lodash": "^4.14.136",
      "@types/react": "^16.8.23",
      "@types/react-redux": "^7.1.1",
      "@types/redux": "^3.6.0",
      "@zeit/next-css": "^1.0.1",
      "concurrently": "^4.1.1",
      "typescript": "^3.5.3"
    }
  }

yarn manifest: 
  No manifest

Lockfile: 
  No lockfile
